app/build/intermediates/manifest_merge_blame_file/debug/manifest-merger-blame-debug-report.txt
1<?xml version="1.0" encoding="utf-8"?>
2<manifest xmlns:android="http://schemas.android.com/apk/res/android"
3    package="com.georgeampartzidis.greenfridge"
4    android:versionCode="7"
5    android:versionName="1.2" >
6
7    <uses-sdk
8        android:minSdkVersion="21"
8-->src/main/AndroidManifest.xml
9        android:targetSdkVersion="29" />
9-->src/main/AndroidManifest.xml
10
11    <uses-permission android:name="android.permission.VIBRATE" />
11-->src/main/AndroidManifest.xml:5:5-66
11-->src/main/AndroidManifest.xml:5:22-63
12    <uses-permission android:name="android.permission.RECEIVE_BOOT_COMPLETED" />
12-->src/main/AndroidManifest.xml:6:5-81
12-->src/main/AndroidManifest.xml:6:22-78
13    <uses-permission android:name="android.permission.CAMERA" />
13-->src/main/AndroidManifest.xml:7:5-65
13-->src/main/AndroidManifest.xml:7:22-62
14    <uses-permission android:name="android.permission.INTERNET" />
14-->src/main/AndroidManifest.xml:8:5-67
14-->src/main/AndroidManifest.xml:8:22-64
15
16    <uses-feature android:name="android.hardware.camera2" />
16-->src/main/AndroidManifest.xml:10:5-61
16-->src/main/AndroidManifest.xml:10:19-58
17
18    <uses-permission android:name="android.permission.ACCESS_NETWORK_STATE" />
18-->[com.google.android.gms:play-services-measurement-api:18.0.0] AndroidManifest.xml:23:5-79
18-->[com.google.android.gms:play-services-measurement-api:18.0.0] AndroidManifest.xml:23:22-76
19    <uses-permission android:name="android.permission.WAKE_LOCK" />
19-->[com.google.android.gms:play-services-measurement-api:18.0.0] AndroidManifest.xml:24:5-68
19-->[com.google.android.gms:play-services-measurement-api:18.0.0] AndroidManifest.xml:24:22-65
20    <uses-permission android:name="com.google.android.finsky.permission.BIND_GET_INSTALL_REFERRER_SERVICE" />
20-->[com.google.android.gms:play-services-measurement:18.0.0] AndroidManifest.xml:26:5-110
20-->[com.google.android.gms:play-services-measurement:18.0.0] AndroidManifest.xml:26:22-107
21
22    <application
22-->src/main/AndroidManifest.xml:12:5-91:19
23        android:allowBackup="true"
23-->src/main/AndroidManifest.xml:13:9-35
24        android:appComponentFactory="androidx.core.app.CoreComponentFactory"
24-->[androidx.core:core:1.5.0-alpha05] AndroidManifest.xml:24:18-86
25        android:debuggable="true"
26        android:icon="@mipmap/ic_launcher"
26-->src/main/AndroidManifest.xml:14:9-43
27        android:label="@string/app_name"
27-->src/main/AndroidManifest.xml:15:9-41
28        android:roundIcon="@mipmap/ic_launcher"
28-->src/main/AndroidManifest.xml:16:9-48
29        android:supportsRtl="true"
29-->src/main/AndroidManifest.xml:17:9-35
30        android:testOnly="true"
31        android:theme="@style/AppTheme" >
31-->src/main/AndroidManifest.xml:18:9-40
32        <meta-data
32-->src/main/AndroidManifest.xml:20:9-22:69
33            android:name="com.google.android.gms.ads.APPLICATION_ID"
33-->src/main/AndroidManifest.xml:21:13-69
34            android:value="ca-app-pub-6270104843193223~6148764354" />
34-->src/main/AndroidManifest.xml:22:13-67
35
36        <activity
36-->src/main/AndroidManifest.xml:23:9-31:20
37            android:name="com.georgeampartzidis.greenfridge.MainActivity"
37-->src/main/AndroidManifest.xml:24:13-41
38            android:label="@string/app_name" >
38-->src/main/AndroidManifest.xml:25:13-45
39            <intent-filter>
39-->src/main/AndroidManifest.xml:26:13-30:29
40                <action android:name="android.intent.action.MAIN" />
40-->src/main/AndroidManifest.xml:27:17-69
40-->src/main/AndroidManifest.xml:27:25-66
41
42                <category android:name="android.intent.category.LAUNCHER" />
42-->src/main/AndroidManifest.xml:29:17-77
42-->src/main/AndroidManifest.xml:29:27-74
43            </intent-filter>
44        </activity>
45        <activity
45-->src/main/AndroidManifest.xml:33:9-41:20
46            android:name="com.georgeampartzidis.greenfridge.AddProductActivity"
46-->src/main/AndroidManifest.xml:34:13-47
47            android:parentActivityName="com.georgeampartzidis.greenfridge.ProductsActivity" >
47-->src/main/AndroidManifest.xml:35:13-59
48
49            <!-- Parent activity meta-data to support 4.0 and lower -->
50            <meta-data
50-->src/main/AndroidManifest.xml:38:13-40:53
51                android:name="android.support.PARENT_ACTIVITY"
51-->src/main/AndroidManifest.xml:39:17-63
52                android:value=".ProductsActivity" />
52-->src/main/AndroidManifest.xml:40:17-50
53        </activity>
54
55        <provider
55-->src/main/AndroidManifest.xml:43:9-45:71
56            android:name="com.georgeampartzidis.greenfridge.data.ProductContentProvider"
56-->src/main/AndroidManifest.xml:44:13-56
57            android:authorities="com.georgeampartzidis.greenfridge" />
57-->src/main/AndroidManifest.xml:45:13-68
58
59        <activity
59-->src/main/AndroidManifest.xml:47:9-50:58
60            android:name="com.georgeampartzidis.greenfridge.ProductsActivity"
60-->src/main/AndroidManifest.xml:48:13-45
61            android:launchMode="singleTask"
61-->src/main/AndroidManifest.xml:49:13-44
62            android:parentActivityName="com.georgeampartzidis.greenfridge.MainActivity" />
62-->src/main/AndroidManifest.xml:50:13-55
63        <activity
63-->src/main/AndroidManifest.xml:52:9-54:58
64            android:name="com.georgeampartzidis.greenfridge.AboutActivity"
64-->src/main/AndroidManifest.xml:53:13-42
65            android:parentActivityName="com.georgeampartzidis.greenfridge.MainActivity" />
65-->src/main/AndroidManifest.xml:54:13-55
66
67        <meta-data
67-->src/main/AndroidManifest.xml:38:13-40:53
68            android:name="android.support.PARENT_ACTIVITY"
68-->src/main/AndroidManifest.xml:39:17-63
69            android:value=".MainActivity" />
69-->src/main/AndroidManifest.xml:40:17-50
70
71        <service
71-->src/main/AndroidManifest.xml:60:9-66:19
72            android:name="com.georgeampartzidis.greenfridge.sync.ExpiringProductsReminderFireJobService"
72-->src/main/AndroidManifest.xml:61:13-72
73            android:exported="false" >
73-->src/main/AndroidManifest.xml:62:13-37
74            <intent-filter>
74-->src/main/AndroidManifest.xml:63:13-65:29
75                <action android:name="com.firebase.jobdispatcher.ACTION_EXECUTE" />
75-->src/main/AndroidManifest.xml:64:17-84
75-->src/main/AndroidManifest.xml:64:25-81
76            </intent-filter>
77        </service>
78
79        <activity
79-->src/main/AndroidManifest.xml:68:9-75:20
80            android:name="com.georgeampartzidis.greenfridge.ShoppingListActivity"
80-->src/main/AndroidManifest.xml:69:13-49
81            android:launchMode="singleTask"
81-->src/main/AndroidManifest.xml:70:13-44
82            android:parentActivityName="com.georgeampartzidis.greenfridge.MainActivity" >
82-->src/main/AndroidManifest.xml:71:13-55
83            <meta-data
83-->src/main/AndroidManifest.xml:38:13-40:53
84                android:name="android.support.PARENT_ACTIVITY"
84-->src/main/AndroidManifest.xml:39:17-63
85                android:value=".MainActivity" />
85-->src/main/AndroidManifest.xml:40:17-50
86        </activity>
87        <activity
87-->src/main/AndroidManifest.xml:76:9-84:20
88            android:name="com.georgeampartzidis.greenfridge.AddProductToListActivity"
88-->src/main/AndroidManifest.xml:77:13-53
89            android:label="@string/list"
89-->src/main/AndroidManifest.xml:78:13-41
90            android:launchMode="singleTask"
90-->src/main/AndroidManifest.xml:79:13-44
91            android:parentActivityName="com.georgeampartzidis.greenfridge.MainActivity" >
91-->src/main/AndroidManifest.xml:80:13-55
92            <meta-data
92-->src/main/AndroidManifest.xml:38:13-40:53
93                android:name="android.support.PARENT_ACTIVITY"
93-->src/main/AndroidManifest.xml:39:17-63
94                android:value=".MainActivity" />
94-->src/main/AndroidManifest.xml:40:17-50
95        </activity>
96        <activity
96-->src/main/AndroidManifest.xml:85:9-89:64
97            android:name="com.georgeampartzidis.greenfridge.BarcodeScannerActivity"
97-->src/main/AndroidManifest.xml:86:13-51
98            android:label="@string/scan_product"
98-->src/main/AndroidManifest.xml:87:13-49
99            android:launchMode="singleTask"
99-->src/main/AndroidManifest.xml:88:13-44
100            android:parentActivityName="com.georgeampartzidis.greenfridge.AddProductActivity" />
100-->src/main/AndroidManifest.xml:89:13-61
101
102        <!--
103             Receives GooglePlay execution requests and forwards them to the
104             appropriate internal service.
105        -->
106        <service
106-->[com.firebase:firebase-jobdispatcher:0.8.5] AndroidManifest.xml:32:9-39:19
107            android:name="com.firebase.jobdispatcher.GooglePlayReceiver"
107-->[com.firebase:firebase-jobdispatcher:0.8.5] AndroidManifest.xml:33:13-73
108            android:exported="true"
108-->[com.firebase:firebase-jobdispatcher:0.8.5] AndroidManifest.xml:34:13-36
109            android:permission="com.google.android.gms.permission.BIND_NETWORK_TASK_SERVICE" >
109-->[com.firebase:firebase-jobdispatcher:0.8.5] AndroidManifest.xml:35:13-93
110            <intent-filter>
110-->[com.firebase:firebase-jobdispatcher:0.8.5] AndroidManifest.xml:36:13-38:29
111                <action android:name="com.google.android.gms.gcm.ACTION_TASK_READY" />
111-->[com.firebase:firebase-jobdispatcher:0.8.5] AndroidManifest.xml:37:17-87
111-->[com.firebase:firebase-jobdispatcher:0.8.5] AndroidManifest.xml:37:25-84
112            </intent-filter>
113        </service>
114        <service
114-->[com.google.android.gms:play-services-measurement-api:18.0.0] AndroidManifest.xml:27:9-33:19
115            android:name="com.google.firebase.components.ComponentDiscoveryService"
115-->[com.google.android.gms:play-services-measurement-api:18.0.0] AndroidManifest.xml:28:13-84
116            android:directBootAware="true"
116-->[com.google.firebase:firebase-common:19.4.0] AndroidManifest.xml:35:13-43
117            android:exported="false" >
117-->[com.google.android.gms:play-services-measurement-api:18.0.0] AndroidManifest.xml:29:13-37
118            <meta-data
118-->[com.google.android.gms:play-services-measurement-api:18.0.0] AndroidManifest.xml:30:13-32:85
119                android:name="com.google.firebase.components:com.google.firebase.analytics.connector.internal.AnalyticsConnectorRegistrar"
119-->[com.google.android.gms:play-services-measurement-api:18.0.0] AndroidManifest.xml:31:17-139
120                android:value="com.google.firebase.components.ComponentRegistrar" />
120-->[com.google.android.gms:play-services-measurement-api:18.0.0] AndroidManifest.xml:32:17-82
121            <meta-data
121-->[com.google.firebase:firebase-installations:16.3.4] AndroidManifest.xml:18:13-20:85
122                android:name="com.google.firebase.components:com.google.firebase.installations.FirebaseInstallationsRegistrar"
122-->[com.google.firebase:firebase-installations:16.3.4] AndroidManifest.xml:19:17-127
123                android:value="com.google.firebase.components.ComponentRegistrar" />
123-->[com.google.firebase:firebase-installations:16.3.4] AndroidManifest.xml:20:17-82
124        </service>
125
126        <provider
126-->[com.google.firebase:firebase-common:19.4.0] AndroidManifest.xml:26:9-31:39
127            android:name="com.google.firebase.provider.FirebaseInitProvider"
127-->[com.google.firebase:firebase-common:19.4.0] AndroidManifest.xml:27:13-77
128            android:authorities="com.georgeampartzidis.greenfridge.firebaseinitprovider"
128-->[com.google.firebase:firebase-common:19.4.0] AndroidManifest.xml:28:13-72
129            android:directBootAware="true"
129-->[com.google.firebase:firebase-common:19.4.0] AndroidManifest.xml:29:13-43
130            android:exported="false"
130-->[com.google.firebase:firebase-common:19.4.0] AndroidManifest.xml:30:13-37
131            android:initOrder="100" />
131-->[com.google.firebase:firebase-common:19.4.0] AndroidManifest.xml:31:13-36
132
133        <receiver
133-->[com.google.android.gms:play-services-measurement:18.0.0] AndroidManifest.xml:29:9-33:20
134            android:name="com.google.android.gms.measurement.AppMeasurementReceiver"
134-->[com.google.android.gms:play-services-measurement:18.0.0] AndroidManifest.xml:30:13-85
135            android:enabled="true"
135-->[com.google.android.gms:play-services-measurement:18.0.0] AndroidManifest.xml:31:13-35
136            android:exported="false" >
136-->[com.google.android.gms:play-services-measurement:18.0.0] AndroidManifest.xml:32:13-37
137        </receiver>
138
139        <service
139-->[com.google.android.gms:play-services-measurement:18.0.0] AndroidManifest.xml:35:9-38:40
140            android:name="com.google.android.gms.measurement.AppMeasurementService"
140-->[com.google.android.gms:play-services-measurement:18.0.0] AndroidManifest.xml:36:13-84
141            android:enabled="true"
141-->[com.google.android.gms:play-services-measurement:18.0.0] AndroidManifest.xml:37:13-35
142            android:exported="false" />
142-->[com.google.android.gms:play-services-measurement:18.0.0] AndroidManifest.xml:38:13-37
143        <service
143-->[com.google.android.gms:play-services-measurement:18.0.0] AndroidManifest.xml:39:9-43:72
144            android:name="com.google.android.gms.measurement.AppMeasurementJobService"
144-->[com.google.android.gms:play-services-measurement:18.0.0] AndroidManifest.xml:40:13-87
145            android:enabled="true"
145-->[com.google.android.gms:play-services-measurement:18.0.0] AndroidManifest.xml:41:13-35
146            android:exported="false"
146-->[com.google.android.gms:play-services-measurement:18.0.0] AndroidManifest.xml:42:13-37
147            android:permission="android.permission.BIND_JOB_SERVICE" /> <!-- Include the AdActivity and InAppPurchaseActivity configChanges and themes. -->
147-->[com.google.android.gms:play-services-measurement:18.0.0] AndroidManifest.xml:43:13-69
148        <activity
148-->[com.google.android.gms:play-services-ads-lite:19.5.0] AndroidManifest.xml:29:9-33:64
149            android:name="com.google.android.gms.ads.AdActivity"
149-->[com.google.android.gms:play-services-ads-lite:19.5.0] AndroidManifest.xml:30:13-65
150            android:configChanges="keyboard|keyboardHidden|orientation|screenLayout|uiMode|screenSize|smallestScreenSize"
150-->[com.google.android.gms:play-services-ads-lite:19.5.0] AndroidManifest.xml:31:13-122
151            android:exported="false"
151-->[com.google.android.gms:play-services-ads-lite:19.5.0] AndroidManifest.xml:32:13-37
152            android:theme="@android:style/Theme.Translucent" />
152-->[com.google.android.gms:play-services-ads-lite:19.5.0] AndroidManifest.xml:33:13-61
153
154        <provider
154-->[com.google.android.gms:play-services-ads-lite:19.5.0] AndroidManifest.xml:35:9-39:39
155            android:name="com.google.android.gms.ads.MobileAdsInitProvider"
155-->[com.google.android.gms:play-services-ads-lite:19.5.0] AndroidManifest.xml:36:13-76
156            android:authorities="com.georgeampartzidis.greenfridge.mobileadsinitprovider"
156-->[com.google.android.gms:play-services-ads-lite:19.5.0] AndroidManifest.xml:37:13-73
157            android:exported="false"
157-->[com.google.android.gms:play-services-ads-lite:19.5.0] AndroidManifest.xml:38:13-37
158            android:initOrder="100" />
158-->[com.google.android.gms:play-services-ads-lite:19.5.0] AndroidManifest.xml:39:13-36
159
160        <service
160-->[com.google.android.gms:play-services-ads-lite:19.5.0] AndroidManifest.xml:41:9-44:40
161            android:name="com.google.android.gms.ads.AdService"
161-->[com.google.android.gms:play-services-ads-lite:19.5.0] AndroidManifest.xml:42:13-64
162            android:enabled="true"
162-->[com.google.android.gms:play-services-ads-lite:19.5.0] AndroidManifest.xml:43:13-35
163            android:exported="false" />
163-->[com.google.android.gms:play-services-ads-lite:19.5.0] AndroidManifest.xml:44:13-37
164
165        <meta-data
165-->[com.google.android.gms:play-services-basement:17.3.0] AndroidManifest.xml:23:9-25:69
166            android:name="com.google.android.gms.version"
166-->[com.google.android.gms:play-services-basement:17.3.0] AndroidManifest.xml:24:13-58
167            android:value="@integer/google_play_services_version" />
167-->[com.google.android.gms:play-services-basement:17.3.0] AndroidManifest.xml:25:13-66
168
169        <provider
169-->[androidx.work:work-runtime:2.1.0] AndroidManifest.xml:30:9-36:35
170            android:name="androidx.work.impl.WorkManagerInitializer"
170-->[androidx.work:work-runtime:2.1.0] AndroidManifest.xml:31:13-69
171            android:authorities="com.georgeampartzidis.greenfridge.workmanager-init"
171-->[androidx.work:work-runtime:2.1.0] AndroidManifest.xml:32:13-68
172            android:directBootAware="false"
172-->[androidx.work:work-runtime:2.1.0] AndroidManifest.xml:33:13-44
173            android:exported="false"
173-->[androidx.work:work-runtime:2.1.0] AndroidManifest.xml:34:13-37
174            android:multiprocess="true" />
174-->[androidx.work:work-runtime:2.1.0] AndroidManifest.xml:35:13-40
175
176        <service
176-->[androidx.work:work-runtime:2.1.0] AndroidManifest.xml:38:9-43:35
177            android:name="androidx.work.impl.background.systemalarm.SystemAlarmService"
177-->[androidx.work:work-runtime:2.1.0] AndroidManifest.xml:39:13-88
178            android:directBootAware="false"
178-->[androidx.work:work-runtime:2.1.0] AndroidManifest.xml:40:13-44
179            android:enabled="@bool/enable_system_alarm_service_default"
179-->[androidx.work:work-runtime:2.1.0] AndroidManifest.xml:41:13-72
180            android:exported="false" />
180-->[androidx.work:work-runtime:2.1.0] AndroidManifest.xml:42:13-37
181        <service
181-->[androidx.work:work-runtime:2.1.0] AndroidManifest.xml:44:9-50:35
182            android:name="androidx.work.impl.background.systemjob.SystemJobService"
182-->[androidx.work:work-runtime:2.1.0] AndroidManifest.xml:45:13-84
183            android:directBootAware="false"
183-->[androidx.work:work-runtime:2.1.0] AndroidManifest.xml:46:13-44
184            android:enabled="@bool/enable_system_job_service_default"
184-->[androidx.work:work-runtime:2.1.0] AndroidManifest.xml:47:13-70
185            android:exported="true"
185-->[androidx.work:work-runtime:2.1.0] AndroidManifest.xml:48:13-36
186            android:permission="android.permission.BIND_JOB_SERVICE" />
186-->[androidx.work:work-runtime:2.1.0] AndroidManifest.xml:49:13-69
187
188        <receiver
188-->[androidx.work:work-runtime:2.1.0] AndroidManifest.xml:52:9-57:35
189            android:name="androidx.work.impl.utils.ForceStopRunnable$BroadcastReceiver"
189-->[androidx.work:work-runtime:2.1.0] AndroidManifest.xml:53:13-88
190            android:directBootAware="false"
190-->[androidx.work:work-runtime:2.1.0] AndroidManifest.xml:54:13-44
191            android:enabled="true"
191-->[androidx.work:work-runtime:2.1.0] AndroidManifest.xml:55:13-35
192            android:exported="false" />
192-->[androidx.work:work-runtime:2.1.0] AndroidManifest.xml:56:13-37
193        <receiver
193-->[androidx.work:work-runtime:2.1.0] AndroidManifest.xml:58:9-68:20
194            android:name="androidx.work.impl.background.systemalarm.ConstraintProxy$BatteryChargingProxy"
194-->[androidx.work:work-runtime:2.1.0] AndroidManifest.xml:59:13-106
195            android:directBootAware="false"
195-->[androidx.work:work-runtime:2.1.0] AndroidManifest.xml:60:13-44
196            android:enabled="false"
196-->[androidx.work:work-runtime:2.1.0] AndroidManifest.xml:61:13-36
197            android:exported="false" >
197-->[androidx.work:work-runtime:2.1.0] AndroidManifest.xml:62:13-37
198            <intent-filter>
198-->[androidx.work:work-runtime:2.1.0] AndroidManifest.xml:64:13-67:29
199                <action android:name="android.intent.action.ACTION_POWER_CONNECTED" />
199-->[androidx.work:work-runtime:2.1.0] AndroidManifest.xml:65:17-87
199-->[androidx.work:work-runtime:2.1.0] AndroidManifest.xml:65:25-84
200                <action android:name="android.intent.action.ACTION_POWER_DISCONNECTED" />
200-->[androidx.work:work-runtime:2.1.0] AndroidManifest.xml:66:17-90
200-->[androidx.work:work-runtime:2.1.0] AndroidManifest.xml:66:25-87
201            </intent-filter>
202        </receiver>
203        <receiver
203-->[androidx.work:work-runtime:2.1.0] AndroidManifest.xml:69:9-79:20
204            android:name="androidx.work.impl.background.systemalarm.ConstraintProxy$BatteryNotLowProxy"
204-->[androidx.work:work-runtime:2.1.0] AndroidManifest.xml:70:13-104
205            android:directBootAware="false"
205-->[androidx.work:work-runtime:2.1.0] AndroidManifest.xml:71:13-44
206            android:enabled="false"
206-->[androidx.work:work-runtime:2.1.0] AndroidManifest.xml:72:13-36
207            android:exported="false" >
207-->[androidx.work:work-runtime:2.1.0] AndroidManifest.xml:73:13-37
208            <intent-filter>
208-->[androidx.work:work-runtime:2.1.0] AndroidManifest.xml:75:13-78:29
209                <action android:name="android.intent.action.BATTERY_OKAY" />
209-->[androidx.work:work-runtime:2.1.0] AndroidManifest.xml:76:17-77
209-->[androidx.work:work-runtime:2.1.0] AndroidManifest.xml:76:25-74
210                <action android:name="android.intent.action.BATTERY_LOW" />
210-->[androidx.work:work-runtime:2.1.0] AndroidManifest.xml:77:17-76
210-->[androidx.work:work-runtime:2.1.0] AndroidManifest.xml:77:25-73
211            </intent-filter>
212        </receiver>
213        <receiver
213-->[androidx.work:work-runtime:2.1.0] AndroidManifest.xml:80:9-90:20
214            android:name="androidx.work.impl.background.systemalarm.ConstraintProxy$StorageNotLowProxy"
214-->[androidx.work:work-runtime:2.1.0] AndroidManifest.xml:81:13-104
215            android:directBootAware="false"
215-->[androidx.work:work-runtime:2.1.0] AndroidManifest.xml:82:13-44
216            android:enabled="false"
216-->[androidx.work:work-runtime:2.1.0] AndroidManifest.xml:83:13-36
217            android:exported="false" >
217-->[androidx.work:work-runtime:2.1.0] AndroidManifest.xml:84:13-37
218            <intent-filter>
218-->[androidx.work:work-runtime:2.1.0] AndroidManifest.xml:86:13-89:29
219                <action android:name="android.intent.action.DEVICE_STORAGE_LOW" />
219-->[androidx.work:work-runtime:2.1.0] AndroidManifest.xml:87:17-83
219-->[androidx.work:work-runtime:2.1.0] AndroidManifest.xml:87:25-80
220                <action android:name="android.intent.action.DEVICE_STORAGE_OK" />
220-->[androidx.work:work-runtime:2.1.0] AndroidManifest.xml:88:17-82
220-->[androidx.work:work-runtime:2.1.0] AndroidManifest.xml:88:25-79
221            </intent-filter>
222        </receiver>
223        <receiver
223-->[androidx.work:work-runtime:2.1.0] AndroidManifest.xml:91:9-100:20
224            android:name="androidx.work.impl.background.systemalarm.ConstraintProxy$NetworkStateProxy"
224-->[androidx.work:work-runtime:2.1.0] AndroidManifest.xml:92:13-103
225            android:directBootAware="false"
225-->[androidx.work:work-runtime:2.1.0] AndroidManifest.xml:93:13-44
226            android:enabled="false"
226-->[androidx.work:work-runtime:2.1.0] AndroidManifest.xml:94:13-36
227            android:exported="false" >
227-->[androidx.work:work-runtime:2.1.0] AndroidManifest.xml:95:13-37
228            <intent-filter>
228-->[androidx.work:work-runtime:2.1.0] AndroidManifest.xml:97:13-99:29
229                <action android:name="android.net.conn.CONNECTIVITY_CHANGE" />
229-->[androidx.work:work-runtime:2.1.0] AndroidManifest.xml:98:17-79
229-->[androidx.work:work-runtime:2.1.0] AndroidManifest.xml:98:25-76
230            </intent-filter>
231        </receiver>
232        <receiver
232-->[androidx.work:work-runtime:2.1.0] AndroidManifest.xml:101:9-112:20
233            android:name="androidx.work.impl.background.systemalarm.RescheduleReceiver"
233-->[androidx.work:work-runtime:2.1.0] AndroidManifest.xml:102:13-88
234            android:directBootAware="false"
234-->[androidx.work:work-runtime:2.1.0] AndroidManifest.xml:103:13-44
235            android:enabled="false"
235-->[androidx.work:work-runtime:2.1.0] AndroidManifest.xml:104:13-36
236            android:exported="false" >
236-->[androidx.work:work-runtime:2.1.0] AndroidManifest.xml:105:13-37
237            <intent-filter>
237-->[androidx.work:work-runtime:2.1.0] AndroidManifest.xml:107:13-111:29
238                <action android:name="android.intent.action.BOOT_COMPLETED" />
238-->[androidx.work:work-runtime:2.1.0] AndroidManifest.xml:108:17-79
238-->[androidx.work:work-runtime:2.1.0] AndroidManifest.xml:108:25-76
239                <action android:name="android.intent.action.TIME_SET" />
239-->[androidx.work:work-runtime:2.1.0] AndroidManifest.xml:109:17-73
239-->[androidx.work:work-runtime:2.1.0] AndroidManifest.xml:109:25-70
240                <action android:name="android.intent.action.TIMEZONE_CHANGED" />
240-->[androidx.work:work-runtime:2.1.0] AndroidManifest.xml:110:17-81
240-->[androidx.work:work-runtime:2.1.0] AndroidManifest.xml:110:25-78
241            </intent-filter>
242        </receiver>
243        <receiver
243-->[androidx.work:work-runtime:2.1.0] AndroidManifest.xml:113:9-122:20
244            android:name="androidx.work.impl.background.systemalarm.ConstraintProxyUpdateReceiver"
244-->[androidx.work:work-runtime:2.1.0] AndroidManifest.xml:114:13-99
245            android:directBootAware="false"
245-->[androidx.work:work-runtime:2.1.0] AndroidManifest.xml:115:13-44
246            android:enabled="@bool/enable_system_alarm_service_default"
246-->[androidx.work:work-runtime:2.1.0] AndroidManifest.xml:116:13-72
247            android:exported="false" >
247-->[androidx.work:work-runtime:2.1.0] AndroidManifest.xml:117:13-37
248            <intent-filter>
248-->[androidx.work:work-runtime:2.1.0] AndroidManifest.xml:119:13-121:29
249                <action android:name="androidx.work.impl.background.systemalarm.UpdateProxies" />
249-->[androidx.work:work-runtime:2.1.0] AndroidManifest.xml:120:17-98
249-->[androidx.work:work-runtime:2.1.0] AndroidManifest.xml:120:25-95
250            </intent-filter>
251        </receiver>
252
253        <service
253-->[androidx.room:room-runtime:2.1.0] AndroidManifest.xml:25:9-27:40
254            android:name="androidx.room.MultiInstanceInvalidationService"
254-->[androidx.room:room-runtime:2.1.0] AndroidManifest.xml:26:13-74
255            android:exported="false" />
255-->[androidx.room:room-runtime:2.1.0] AndroidManifest.xml:27:13-37
256    </application>
257
258</manifest>